Using pre-set license
Built from '2020.3/staging' branch; Version is '2020.3.22f1 (e1a7f79fd887) revision 14788599'; Using compiler version '192528614'; Build Type 'Release'
OS: 'Windows 10 Pro; OS build 19042.1288; Version 2009; 64bit' Language: 'en' Physical Memory: 229375 MB
BatchMode: 1, IsHumanControllingUs: 0, StartBugReporterOnCrash: 0, Is64bit: 1, IsPro: 0

COMMAND LINE ARGUMENTS:
D:\Unity Editor\2020.3.22f1\Editor\Unity.exe
-adb2
-batchMode
-noUpm
-name
AssetImportWorker0
-projectPath
D:/Unity Projects/Barrett_First
-logFile
Logs/AssetImportWorker0.log
-srvPort
50930
Successfully changed project path to: D:/Unity Projects/Barrett_First
D:/Unity Projects/Barrett_First
Using Asset Import Pipeline V2.
Refreshing native plugins compatible for Editor in 71.32 ms, found 2 plugins.
Preloading 0 native plugins for Editor in 0.00 ms.
Initialize engine version: 2020.3.22f1 (e1a7f79fd887)
[Subsystems] Discovering subsystems at path D:/Unity Editor/2020.3.22f1/Editor/Data/Resources/UnitySubsystems
[Subsystems] Discovering subsystems at path D:/Unity Projects/Barrett_First/Assets
GfxDevice: creating device client; threaded=0
Direct3D:
    Version:  Direct3D 11.0 [level 11.1]
    Renderer: NVIDIA Tesla M60 (ID=0x13f2)
    Vendor:   
    VRAM:     8098 MB
    Driver:   27.21.14.6231
Initialize mono
Mono path[0] = 'D:/Unity Editor/2020.3.22f1/Editor/Data/Managed'
Mono path[1] = 'D:/Unity Editor/2020.3.22f1/Editor/Data/MonoBleedingEdge/lib/mono/unityjit'
Mono config path = 'D:/Unity Editor/2020.3.22f1/Editor/Data/MonoBleedingEdge/etc'
Using monoOptions --debugger-agent=transport=dt_socket,embedding=1,server=y,suspend=n,address=127.0.0.1:56796
Begin MonoManager ReloadAssembly
Registering precompiled unity dll's ...
Register platform support module: D:/Unity Editor/2020.3.22f1/Editor/Data/PlaybackEngines/WindowsStandaloneSupport/UnityEditor.WindowsStandalone.Extensions.dll
Registered in 0.001605 seconds.
Native extension for WindowsStandalone target not found
Refreshing native plugins compatible for Editor in 67.27 ms, found 2 plugins.
Preloading 0 native plugins for Editor in 0.00 ms.
Mono: successfully reloaded assembly
- Completed reload, in  1.116 seconds
Domain Reload Profiling:
	ReloadAssembly (1116ms)
		BeginReloadAssembly (68ms)
			ExecutionOrderSort (0ms)
			DisableScriptedObjects (0ms)
			BackupInstance (0ms)
			ReleaseScriptingObjects (0ms)
			CreateAndSetChildDomain (1ms)
		EndReloadAssembly (583ms)
			LoadAssemblies (67ms)
			RebuildTransferFunctionScriptingTraits (0ms)
			SetupTypeCache (201ms)
			ReleaseScriptCaches (0ms)
			RebuildScriptCaches (37ms)
			SetupLoadedEditorAssemblies (223ms)
				LogAssemblyErrors (0ms)
				InitializePlatformSupportModulesInManaged (4ms)
				SetLoadedEditorAssemblies (1ms)
				RefreshPlugins (67ms)
				BeforeProcessingInitializeOnLoad (12ms)
				ProcessInitializeOnLoadAttributes (103ms)
				ProcessInitializeOnLoadMethodAttributes (35ms)
				AfterProcessingInitializeOnLoad (0ms)
				EditorAssembliesLoaded (0ms)
			ExecutionOrderSort2 (0ms)
			AwakeInstancesAfterBackupRestoration (0ms)
Platform modules already initialized, skipping
Registering precompiled user dll's ...
Registered in 0.003915 seconds.
Begin MonoManager ReloadAssembly
Native extension for WindowsStandalone target not found
Refreshing native plugins compatible for Editor in 0.92 ms, found 2 plugins.
Preloading 0 native plugins for Editor in 0.00 ms.
Mono: successfully reloaded assembly
- Completed reload, in  1.341 seconds
Domain Reload Profiling:
	ReloadAssembly (1342ms)
		BeginReloadAssembly (191ms)
			ExecutionOrderSort (0ms)
			DisableScriptedObjects (6ms)
			BackupInstance (0ms)
			ReleaseScriptingObjects (0ms)
			CreateAndSetChildDomain (28ms)
		EndReloadAssembly (1076ms)
			LoadAssemblies (118ms)
			RebuildTransferFunctionScriptingTraits (0ms)
			SetupTypeCache (398ms)
			ReleaseScriptCaches (1ms)
			RebuildScriptCaches (74ms)
			SetupLoadedEditorAssemblies (372ms)
				LogAssemblyErrors (0ms)
				InitializePlatformSupportModulesInManaged (6ms)
				SetLoadedEditorAssemblies (1ms)
				RefreshPlugins (1ms)
				BeforeProcessingInitializeOnLoad (67ms)
				ProcessInitializeOnLoadAttributes (280ms)
				ProcessInitializeOnLoadMethodAttributes (13ms)
				AfterProcessingInitializeOnLoad (4ms)
				EditorAssembliesLoaded (0ms)
			ExecutionOrderSort2 (0ms)
			AwakeInstancesAfterBackupRestoration (8ms)
Platform modules already initialized, skipping
========================================================================
Worker process is ready to serve import requests
Launched and connected shader compiler UnityShaderCompiler.exe after 0.09 seconds
Refreshing native plugins compatible for Editor in 1.51 ms, found 2 plugins.
Preloading 0 native plugins for Editor in 0.00 ms.
Unloading 1902 Unused Serialized files (Serialized files now loaded: 0)
System memory in use before: 85.7 MB.
System memory in use after: 85.8 MB.

Unloading 19 unused Assets to reduce memory usage. Loaded Objects now: 2338.
Total: 4.067900 ms (FindLiveObjects: 0.272500 ms CreateObjectMapping: 0.093200 ms MarkObjects: 3.572400 ms  DeleteObjects: 0.128100 ms)

AssetImportParameters requested are different than current active one (requested -> active):
  custom:framework-win-MediaFoundation: 216162199b28c13a410421893ffa2e32 -> 
  custom:video-decoder-ogg-theora: a1e56fd34408186e4bbccfd4996cb3dc -> 
  custom:container-muxer-webm: aa71ff27fc2769a1b78a27578f13a17b -> 
  custom:container-demuxer-webm: 4f35f7cbe854078d1ac9338744f61a02 -> 
  custom:container-demuxer-ogg: 62fdf1f143b41e24485cea50d1cbac27 -> 
  custom:video-encoder-webm-vp8: eb34c28f22e8b96e1ab97ce403110664 -> 
  custom:video-decoder-webm-vp8: 9c59270c3fd7afecdb556c50c9e8de78 -> 
  custom:audio-decoder-ogg-vorbis: bf7c407c2cedff20999df2af8eb42d56 -> 
  custom:audio-encoder-webm-vorbis: bf7c407c2cedff20999df2af8eb42d56 -> 
========================================================================
Received Import Request.
  path: Assets/UMA
  artifactKey: Guid(5d17ba59282f9f84fa36417defaef3d8) Importer(815301076,1909f56bfc062723c751e8b465ee728b)
Start importing Assets/UMA using Guid(5d17ba59282f9f84fa36417defaef3d8) Importer(815301076,1909f56bfc062723c751e8b465ee728b)  -> (artifact id: '082c74bf37c8d6ade2bb6e25de63107b') in 0.014025 seconds 
  Import took 0.017802 seconds .

========================================================================
Received Import Request.
  Time since last request: 0.000258 seconds.
  path: Assets/UMA/Getting Started/UMARandomGeneratedCharacter.prefab
  artifactKey: Guid(11b6342601a487e45a8ca8ed561a9b7a) Importer(815301076,1909f56bfc062723c751e8b465ee728b)
Start importing Assets/UMA/Getting Started/UMARandomGeneratedCharacter.prefab using Guid(11b6342601a487e45a8ca8ed561a9b7a) Importer(815301076,1909f56bfc062723c751e8b465ee728b)  -> (artifact id: '8cdb6e303262fa3178da8317f5804f1c') in 0.532931 seconds 
  Import took 0.540147 seconds .

========================================================================
Received Import Request.
  Time since last request: 0.000269 seconds.
  path: Assets/UMA/Getting Started
  artifactKey: Guid(6b42fb09b111b4ef5aae722f737fbcc8) Importer(815301076,1909f56bfc062723c751e8b465ee728b)
Start importing Assets/UMA/Getting Started using Guid(6b42fb09b111b4ef5aae722f737fbcc8) Importer(815301076,1909f56bfc062723c751e8b465ee728b)  -> (artifact id: '956501e592ac3dac7fdd8cbe40456435') in 0.008072 seconds 
  Import took 0.011301 seconds .

========================================================================
Received Import Request.
  Time since last request: 0.000218 seconds.
  path: Assets/UMA/Getting Started/UMADynamicCharacterAvatar.prefab
  artifactKey: Guid(5c80fc4442f8349969abea6c1a0f1faa) Importer(815301076,1909f56bfc062723c751e8b465ee728b)
Start importing Assets/UMA/Getting Started/UMADynamicCharacterAvatar.prefab using Guid(5c80fc4442f8349969abea6c1a0f1faa) Importer(815301076,1909f56bfc062723c751e8b465ee728b)  -> (artifact id: '11a36ee8dae626bc39becb7a5bc7f5f3') in 0.024868 seconds 
  Import took 0.029548 seconds .

========================================================================
Received Import Request.
  Time since last request: 0.000259 seconds.
  path: Assets/UMA/Getting Started/Environment Variant.prefab
  artifactKey: Guid(550eea02e5d133341887fa742755c7b8) Importer(815301076,1909f56bfc062723c751e8b465ee728b)
Start importing Assets/UMA/Getting Started/Environment Variant.prefab using Guid(550eea02e5d133341887fa742755c7b8) Importer(815301076,1909f56bfc062723c751e8b465ee728b)  -> (artifact id: '56c5ed839c5d85819143781634058e82') in 0.514204 seconds 
  Import took 0.518328 seconds .

========================================================================
Received Import Request.
  Time since last request: 0.000268 seconds.
  path: Assets/UMA/Getting Started/UMA_GLIB.prefab
  artifactKey: Guid(a54fde34eec40964b94d71ee0aba9889) Importer(815301076,1909f56bfc062723c751e8b465ee728b)
Start importing Assets/UMA/Getting Started/UMA_GLIB.prefab using Guid(a54fde34eec40964b94d71ee0aba9889) Importer(815301076,1909f56bfc062723c751e8b465ee728b)  -> (artifact id: 'c858a4045c253b376d510cb323c6bd5d') in 0.020290 seconds 
  Import took 0.024859 seconds .

========================================================================
Received Import Request.
  Time since last request: 0.000325 seconds.
  path: Assets/UMA/Getting Started/Environment.prefab
  artifactKey: Guid(a70e3506d4b0528439ba632e74af08b8) Importer(815301076,1909f56bfc062723c751e8b465ee728b)
Start importing Assets/UMA/Getting Started/Environment.prefab using Guid(a70e3506d4b0528439ba632e74af08b8) Importer(815301076,1909f56bfc062723c751e8b465ee728b)  -> (artifact id: '144b67b6136236b51c84fa17358f8bb7') in 0.028202 seconds 
  Import took 0.032871 seconds .

========================================================================
Received Import Request.
  Time since last request: 0.000261 seconds.
  path: Assets/UMA/Getting Started/light group.prefab
  artifactKey: Guid(2af4bec65ae3f304c9a25ed1e8f7bf54) Importer(815301076,1909f56bfc062723c751e8b465ee728b)
Start importing Assets/UMA/Getting Started/light group.prefab using Guid(2af4bec65ae3f304c9a25ed1e8f7bf54) Importer(815301076,1909f56bfc062723c751e8b465ee728b)  -> (artifact id: 'f3e28831b927851a6d37ccc8c7d82978') in 0.010428 seconds 
  Import took 0.014621 seconds .

========================================================================
Received Import Request.
  Time since last request: 0.000291 seconds.
  path: Assets/UMA/Getting Started/Basic Sample Environment.prefab
  artifactKey: Guid(859f3fbf238606842b0a7127e5d73789) Importer(815301076,1909f56bfc062723c751e8b465ee728b)
Start importing Assets/UMA/Getting Started/Basic Sample Environment.prefab using Guid(859f3fbf238606842b0a7127e5d73789) Importer(815301076,1909f56bfc062723c751e8b465ee728b)  -> (artifact id: '58cb037ae8e0c712e75ccc068b3161fc') in 0.020001 seconds 
  Import took 0.024115 seconds .

========================================================================
Received Import Request.
  Time since last request: 0.000284 seconds.
  path: Assets/UMA/Getting Started/UMADynamicCharacterAvatar-LOD.prefab
  artifactKey: Guid(165a16ac9ccf1a94080956c3b8c82000) Importer(815301076,1909f56bfc062723c751e8b465ee728b)
Start importing Assets/UMA/Getting Started/UMADynamicCharacterAvatar-LOD.prefab using Guid(165a16ac9ccf1a94080956c3b8c82000) Importer(815301076,1909f56bfc062723c751e8b465ee728b)  -> (artifact id: '592ca93ff73342f1aedd95953bf73a53') in 0.025636 seconds 
  Import took 0.030426 seconds .

========================================================================
Received Import Request.
  Time since last request: 353.699636 seconds.
  path: Assets/UMA/Content/Example/HumanMale/Recipes/WardrobeRecipes
  artifactKey: Guid(fcde37c33759d394ead1739a1310f09f) Importer(815301076,1909f56bfc062723c751e8b465ee728b)
Start importing Assets/UMA/Content/Example/HumanMale/Recipes/WardrobeRecipes using Guid(fcde37c33759d394ead1739a1310f09f) Importer(815301076,1909f56bfc062723c751e8b465ee728b)  -> (artifact id: 'd5868b03e868a609729cc66b9aeb91a7') in 0.010356 seconds 
  Import took 0.015710 seconds .

========================================================================
Received Import Request.
  Time since last request: 0.128980 seconds.
  path: Assets/UMA/Content/Example/HumanMale/Recipes/WardrobeRecipes/MaleBeard1.asset
  artifactKey: Guid(a2b1f4c9b2ad40f4b8a68144700342f8) Importer(815301076,1909f56bfc062723c751e8b465ee728b)
Start importing Assets/UMA/Content/Example/HumanMale/Recipes/WardrobeRecipes/MaleBeard1.asset using Guid(a2b1f4c9b2ad40f4b8a68144700342f8) Importer(815301076,1909f56bfc062723c751e8b465ee728b)  -> (artifact id: 'c1efd82c95936220e244911294ec38cd') in 0.013554 seconds 
  Import took 0.023746 seconds .

========================================================================
Received Import Request.
  Time since last request: 0.000263 seconds.
  path: Assets/UMA/Content/Example/HumanMale/Recipes/WardrobeRecipes/MaleFace Old.asset
  artifactKey: Guid(4d1e2980034c61e4197e51e6d5d2b2fc) Importer(815301076,1909f56bfc062723c751e8b465ee728b)
Start importing Assets/UMA/Content/Example/HumanMale/Recipes/WardrobeRecipes/MaleFace Old.asset using Guid(4d1e2980034c61e4197e51e6d5d2b2fc) Importer(815301076,1909f56bfc062723c751e8b465ee728b)  -> (artifact id: 'afafd7f4c8d2bd3e573121fee5bb9ae8') in 0.007641 seconds 
  Import took 0.011015 seconds .

========================================================================
Received Import Request.
  Time since last request: 0.000193 seconds.
  path: Assets/UMA/Content/Example/HumanMale/Recipes/WardrobeRecipes/MaleBrowHR2.asset
  artifactKey: Guid(af0f5dedaabf3e946b78b4552139b9a3) Importer(815301076,1909f56bfc062723c751e8b465ee728b)
Start importing Assets/UMA/Content/Example/HumanMale/Recipes/WardrobeRecipes/MaleBrowHR2.asset using Guid(af0f5dedaabf3e946b78b4552139b9a3) Importer(815301076,1909f56bfc062723c751e8b465ee728b)  -> (artifact id: '73d57b40437df6915b3a6c6e0e4db18f') in 0.006698 seconds 
  Import took 0.009834 seconds .

========================================================================
Received Import Request.
  Time since last request: 0.000218 seconds.
  path: Assets/UMA/Content/Example/HumanMale/Recipes/WardrobeRecipes/MaleShirt1.asset
  artifactKey: Guid(5abbc2ec892f7cf478a31da209981941) Importer(815301076,1909f56bfc062723c751e8b465ee728b)
Start importing Assets/UMA/Content/Example/HumanMale/Recipes/WardrobeRecipes/MaleShirt1.asset using Guid(5abbc2ec892f7cf478a31da209981941) Importer(815301076,1909f56bfc062723c751e8b465ee728b)  -> (artifact id: '08cc484fe6de9ed59fdf2295aad1085d') in 0.007895 seconds 
  Import took 0.012005 seconds .

========================================================================
Received Import Request.
  Time since last request: 0.000256 seconds.
  path: Assets/UMA/Content/Example/HumanMale/Recipes/WardrobeRecipes/MaleEye3.asset
  artifactKey: Guid(8ea99475ea1aac141b787fc5dc6cc824) Importer(815301076,1909f56bfc062723c751e8b465ee728b)
Start importing Assets/UMA/Content/Example/HumanMale/Recipes/WardrobeRecipes/MaleEye3.asset using Guid(8ea99475ea1aac141b787fc5dc6cc824) Importer(815301076,1909f56bfc062723c751e8b465ee728b)  -> (artifact id: '2b8c564a4f2c99f45b8c0e4bba476f0c') in 0.008817 seconds 
  Import took 0.012909 seconds .

========================================================================
Received Import Request.
  Time since last request: 0.000241 seconds.
  path: Assets/UMA/Content/Example/HumanMale/Recipes/WardrobeRecipes/MaleGloves.asset
  artifactKey: Guid(3371b0b14f340764c88dc58574e73393) Importer(815301076,1909f56bfc062723c751e8b465ee728b)
Start importing Assets/UMA/Content/Example/HumanMale/Recipes/WardrobeRecipes/MaleGloves.asset using Guid(3371b0b14f340764c88dc58574e73393) Importer(815301076,1909f56bfc062723c751e8b465ee728b)  -> (artifact id: 'e548b6fc45a53642f396692964e28824') in 0.007867 seconds 
  Import took 0.011650 seconds .

========================================================================
Received Import Request.
  Time since last request: 0.000234 seconds.
  path: Assets/UMA/Content/Example/HumanMale/Recipes/WardrobeRecipes/MaleBrow01.asset
  artifactKey: Guid(1d55460160bc861428e67152c0019388) Importer(815301076,1909f56bfc062723c751e8b465ee728b)
Start importing Assets/UMA/Content/Example/HumanMale/Recipes/WardrobeRecipes/MaleBrow01.asset using Guid(1d55460160bc861428e67152c0019388) Importer(815301076,1909f56bfc062723c751e8b465ee728b)  -> (artifact id: 'e10f3598a68988f048720884c8aedc88') in 0.008168 seconds 
  Import took 0.012223 seconds .

========================================================================
Received Import Request.
  Time since last request: 0.000324 seconds.
  path: Assets/UMA/Content/Example/HumanMale/Recipes/WardrobeRecipes/MaleBrowHR.asset
  artifactKey: Guid(3a1edb5d395b68f4089d59c1f1217d81) Importer(815301076,1909f56bfc062723c751e8b465ee728b)
Start importing Assets/UMA/Content/Example/HumanMale/Recipes/WardrobeRecipes/MaleBrowHR.asset using Guid(3a1edb5d395b68f4089d59c1f1217d81) Importer(815301076,1909f56bfc062723c751e8b465ee728b)  -> (artifact id: '0444bf48997f3eb44d63e4ead680d21b') in 0.008730 seconds 
  Import took 0.014122 seconds .

========================================================================
Received Import Request.
  Time since last request: 0.000262 seconds.
  path: Assets/UMA/Content/Example/HumanMale/Recipes/WardrobeRecipes/MaleHair2.asset
  artifactKey: Guid(bc2ac8c776a97fa46a5a1a9455599f2c) Importer(815301076,1909f56bfc062723c751e8b465ee728b)
Start importing Assets/UMA/Content/Example/HumanMale/Recipes/WardrobeRecipes/MaleHair2.asset using Guid(bc2ac8c776a97fa46a5a1a9455599f2c) Importer(815301076,1909f56bfc062723c751e8b465ee728b)  -> (artifact id: 'a45cd86c8ec2484cb5c69bbf4e547570') in 0.008416 seconds 
  Import took 0.011877 seconds .

========================================================================
Received Import Request.
  Time since last request: 0.000231 seconds.
  path: Assets/UMA/Content/Example/HumanMale/Recipes/WardrobeRecipes/MaleEye1.asset
  artifactKey: Guid(518535e4bd613dc458a460be75d97327) Importer(815301076,1909f56bfc062723c751e8b465ee728b)
Start importing Assets/UMA/Content/Example/HumanMale/Recipes/WardrobeRecipes/MaleEye1.asset using Guid(518535e4bd613dc458a460be75d97327) Importer(815301076,1909f56bfc062723c751e8b465ee728b)  -> (artifact id: '1b4a34d06d67283315919b3d529cda15') in 0.007386 seconds 
  Import took 0.010877 seconds .

========================================================================
Received Import Request.
  Time since last request: 0.000220 seconds.
  path: Assets/UMA/Content/Example/HumanMale/Recipes/WardrobeRecipes/MaleUnderwear.asset
  artifactKey: Guid(fd65ba08e9f303242809809d1fcb4307) Importer(815301076,1909f56bfc062723c751e8b465ee728b)
Start importing Assets/UMA/Content/Example/HumanMale/Recipes/WardrobeRecipes/MaleUnderwear.asset using Guid(fd65ba08e9f303242809809d1fcb4307) Importer(815301076,1909f56bfc062723c751e8b465ee728b)  -> (artifact id: 'feefe77e488503ac92a76dd349633e84') in 0.007880 seconds 
  Import took 0.011797 seconds .

========================================================================
Received Import Request.
  Time since last request: 0.000242 seconds.
  path: Assets/UMA/Content/Example/HumanMale/Recipes/WardrobeRecipes/MaleHair3.asset
  artifactKey: Guid(cbac10d2bc6792c43b0d89e71534cf77) Importer(815301076,1909f56bfc062723c751e8b465ee728b)
Start importing Assets/UMA/Content/Example/HumanMale/Recipes/WardrobeRecipes/MaleHair3.asset using Guid(cbac10d2bc6792c43b0d89e71534cf77) Importer(815301076,1909f56bfc062723c751e8b465ee728b)  -> (artifact id: 'd5aa45ae240435e9a2c381b1185c8fdf') in 0.008255 seconds 
  Import took 0.012229 seconds .

========================================================================
Received Import Request.
  Time since last request: 0.000257 seconds.
  path: Assets/UMA/Content/Example/HumanMale/Recipes/WardrobeRecipes/MaleRobe Hood.asset
  artifactKey: Guid(8b7b033a94e0a9f4dbdded4f45aea63a) Importer(815301076,1909f56bfc062723c751e8b465ee728b)
Start importing Assets/UMA/Content/Example/HumanMale/Recipes/WardrobeRecipes/MaleRobe Hood.asset using Guid(8b7b033a94e0a9f4dbdded4f45aea63a) Importer(815301076,1909f56bfc062723c751e8b465ee728b)  -> (artifact id: '8ddaf3a386b9d0e7797c27d803c626f5') in 0.008558 seconds 
  Import took 0.012807 seconds .

========================================================================
Received Import Request.
  Time since last request: 0.000267 seconds.
  path: Assets/UMA/Content/Example/HumanMale/Recipes/WardrobeRecipes/MaleShorts2.asset
  artifactKey: Guid(71e3ef35d8b941d4ab538b01f57dbb79) Importer(815301076,1909f56bfc062723c751e8b465ee728b)
Start importing Assets/UMA/Content/Example/HumanMale/Recipes/WardrobeRecipes/MaleShorts2.asset using Guid(71e3ef35d8b941d4ab538b01f57dbb79) Importer(815301076,1909f56bfc062723c751e8b465ee728b)  -> (artifact id: '80eda0f3ca93a7df8c2ad4d3cbc4f6c8') in 0.008480 seconds 
  Import took 0.012788 seconds .

========================================================================
Received Import Request.
  Time since last request: 0.000436 seconds.
  path: Assets/UMA/Content/Example/HumanMale/Recipes/WardrobeRecipes/MaleBrow02.asset
  artifactKey: Guid(9d8d16d74d7897e4caae12ca4d56f223) Importer(815301076,1909f56bfc062723c751e8b465ee728b)
Start importing Assets/UMA/Content/Example/HumanMale/Recipes/WardrobeRecipes/MaleBrow02.asset using Guid(9d8d16d74d7897e4caae12ca4d56f223) Importer(815301076,1909f56bfc062723c751e8b465ee728b)  -> (artifact id: '54d8ccd4b293b2539b1aa1f6b6deb408') in 0.007604 seconds 
  Import took 0.010977 seconds .

========================================================================
Received Import Request.
  Time since last request: 0.000235 seconds.
  path: Assets/UMA/Content/Example/HumanMale/Recipes/WardrobeRecipes/MaleEye4.asset
  artifactKey: Guid(3735845fb23f58b4a8d264c47ca602dc) Importer(815301076,1909f56bfc062723c751e8b465ee728b)
Start importing Assets/UMA/Content/Example/HumanMale/Recipes/WardrobeRecipes/MaleEye4.asset using Guid(3735845fb23f58b4a8d264c47ca602dc) Importer(815301076,1909f56bfc062723c751e8b465ee728b)  -> (artifact id: '30f4360f171d06b7cdd08ed60eae0646') in 0.011744 seconds 
  Import took 0.017206 seconds .

========================================================================
Received Import Request.
  Time since last request: 0.000318 seconds.
  path: Assets/UMA/Content/Example/HumanMale/Recipes/WardrobeRecipes/MaleBeard3.asset
  artifactKey: Guid(1df4eb647357a74498fa7e6b4672ad8d) Importer(815301076,1909f56bfc062723c751e8b465ee728b)
Start importing Assets/UMA/Content/Example/HumanMale/Recipes/WardrobeRecipes/MaleBeard3.asset using Guid(1df4eb647357a74498fa7e6b4672ad8d) Importer(815301076,1909f56bfc062723c751e8b465ee728b)  -> (artifact id: '177e3efdb362843f85191dccf4d5ed8a') in 0.008487 seconds 
  Import took 0.012788 seconds .

========================================================================
Received Import Request.
  Time since last request: 0.000369 seconds.
  path: Assets/UMA/Content/Example/HumanMale/Recipes/WardrobeRecipes/MaleJeans 1.asset
  artifactKey: Guid(f0eac0526ff3dbe479868042322ab1b2) Importer(815301076,1909f56bfc062723c751e8b465ee728b)
Start importing Assets/UMA/Content/Example/HumanMale/Recipes/WardrobeRecipes/MaleJeans 1.asset using Guid(f0eac0526ff3dbe479868042322ab1b2) Importer(815301076,1909f56bfc062723c751e8b465ee728b)  -> (artifact id: '40dbf9c3ae26b706a0030792f7bf606c') in 0.008053 seconds 
  Import took 0.011655 seconds .

========================================================================
Received Import Request.
  Time since last request: 0.000233 seconds.
  path: Assets/UMA/Content/Example/HumanMale/Recipes/WardrobeRecipes/MaleEye5.asset
  artifactKey: Guid(667840f679650844dbfbd6f3a4134998) Importer(815301076,1909f56bfc062723c751e8b465ee728b)
Start importing Assets/UMA/Content/Example/HumanMale/Recipes/WardrobeRecipes/MaleEye5.asset using Guid(667840f679650844dbfbd6f3a4134998) Importer(815301076,1909f56bfc062723c751e8b465ee728b)  -> (artifact id: '054658e350fb993730ae4a24bac4956b') in 0.008364 seconds 
  Import took 0.012065 seconds .

========================================================================
Received Import Request.
  Time since last request: 0.000316 seconds.
  path: Assets/UMA/Content/Example/HumanMale/Recipes/WardrobeRecipes/MaleBeard2.asset
  artifactKey: Guid(506e811243229714bb4e2386dcbc08d3) Importer(815301076,1909f56bfc062723c751e8b465ee728b)
Start importing Assets/UMA/Content/Example/HumanMale/Recipes/WardrobeRecipes/MaleBeard2.asset using Guid(506e811243229714bb4e2386dcbc08d3) Importer(815301076,1909f56bfc062723c751e8b465ee728b)  -> (artifact id: 'a8611b91fe2066b865298dd9370ed36c') in 0.008482 seconds 
  Import took 0.012786 seconds .

========================================================================
Received Import Request.
  Time since last request: 0.000258 seconds.
  path: Assets/UMA/Content/Example/HumanMale/Recipes/WardrobeRecipes/MaleShirt3.asset
  artifactKey: Guid(f47ce9b8a0d9ecd48a39ef3f5c2447a6) Importer(815301076,1909f56bfc062723c751e8b465ee728b)
Start importing Assets/UMA/Content/Example/HumanMale/Recipes/WardrobeRecipes/MaleShirt3.asset using Guid(f47ce9b8a0d9ecd48a39ef3f5c2447a6) Importer(815301076,1909f56bfc062723c751e8b465ee728b)  -> (artifact id: '988cd18806089a1009f41a169c3490d3') in 0.008497 seconds 
  Import took 0.012609 seconds .

========================================================================
Received Import Request.
  Time since last request: 0.000296 seconds.
  path: Assets/UMA/Content/Example/HumanMale/Recipes/WardrobeRecipes/MaleShirt2.asset
  artifactKey: Guid(08ee8add251c0604787435e6e676f3db) Importer(815301076,1909f56bfc062723c751e8b465ee728b)
Start importing Assets/UMA/Content/Example/HumanMale/Recipes/WardrobeRecipes/MaleShirt2.asset using Guid(08ee8add251c0604787435e6e676f3db) Importer(815301076,1909f56bfc062723c751e8b465ee728b)  -> (artifact id: '308e98795206852ff1cc8809e2bfd5ee') in 0.009682 seconds 
  Import took 0.015418 seconds .

========================================================================
Received Import Request.
  Time since last request: 0.000331 seconds.
  path: Assets/UMA/Content/Example/HumanMale/Recipes/WardrobeRecipes/MaleEye2.asset
  artifactKey: Guid(99f3dbcab03fba24badff7354f6f90c9) Importer(815301076,1909f56bfc062723c751e8b465ee728b)
Start importing Assets/UMA/Content/Example/HumanMale/Recipes/WardrobeRecipes/MaleEye2.asset using Guid(99f3dbcab03fba24badff7354f6f90c9) Importer(815301076,1909f56bfc062723c751e8b465ee728b)  -> (artifact id: '8aba2fc68b1b4cc320360efc47e58fe4') in 0.008305 seconds 
  Import took 0.012371 seconds .

========================================================================
Received Import Request.
  Time since last request: 0.000333 seconds.
  path: Assets/UMA/Content/Example/HumanMale/Recipes/WardrobeRecipes/MaleHair1.asset
  artifactKey: Guid(4acc51a73e0e5884eb7e770d8f803e81) Importer(815301076,1909f56bfc062723c751e8b465ee728b)
Start importing Assets/UMA/Content/Example/HumanMale/Recipes/WardrobeRecipes/MaleHair1.asset using Guid(4acc51a73e0e5884eb7e770d8f803e81) Importer(815301076,1909f56bfc062723c751e8b465ee728b)  -> (artifact id: '5f6d100d63471ce58d482591ca741e0c') in 0.008083 seconds 
  Import took 0.011790 seconds .

========================================================================
Received Import Request.
  Time since last request: 0.000237 seconds.
  path: Assets/UMA/Content/Example/HumanMale/Recipes/WardrobeRecipes/MaleJeans.asset
  artifactKey: Guid(ed308ddf64a50d74aae73e4097381fc1) Importer(815301076,1909f56bfc062723c751e8b465ee728b)
Start importing Assets/UMA/Content/Example/HumanMale/Recipes/WardrobeRecipes/MaleJeans.asset using Guid(ed308ddf64a50d74aae73e4097381fc1) Importer(815301076,1909f56bfc062723c751e8b465ee728b)  -> (artifact id: '29c81ba60ae3727a43d357da17205d92') in 0.006536 seconds 
  Import took 0.009941 seconds .

========================================================================
Received Import Request.
  Time since last request: 0.000230 seconds.
  path: Assets/UMA/Content/Example/HumanMale/Recipes/WardrobeRecipes/MaleRobe.asset
  artifactKey: Guid(1ca738b353812974b9fb17357f844bbb) Importer(815301076,1909f56bfc062723c751e8b465ee728b)
Start importing Assets/UMA/Content/Example/HumanMale/Recipes/WardrobeRecipes/MaleRobe.asset using Guid(1ca738b353812974b9fb17357f844bbb) Importer(815301076,1909f56bfc062723c751e8b465ee728b)  -> (artifact id: '6e3e33b2995b0610c0bc4482892d4070') in 0.006988 seconds 
  Import took 0.010167 seconds .

========================================================================
Received Import Request.
  Time since last request: 0.000219 seconds.
  path: Assets/UMA/Content/Example/HumanMale/Recipes/WardrobeRecipes/MalePants.asset
  artifactKey: Guid(8ea3bcf334fb01b4ebab82092aa4ff46) Importer(815301076,1909f56bfc062723c751e8b465ee728b)
Start importing Assets/UMA/Content/Example/HumanMale/Recipes/WardrobeRecipes/MalePants.asset using Guid(8ea3bcf334fb01b4ebab82092aa4ff46) Importer(815301076,1909f56bfc062723c751e8b465ee728b)  -> (artifact id: '037f838ed823b1d516b2ec142f8c0822') in 0.008494 seconds 
  Import took 0.012563 seconds .

========================================================================
Received Import Request.
  Time since last request: 0.000323 seconds.
  path: Assets/UMA/Content/Example/HumanMale/Recipes/WardrobeRecipes/MaleShorts1.asset
  artifactKey: Guid(5bbd4dc2ec713f24a84512ef4f9ffe00) Importer(815301076,1909f56bfc062723c751e8b465ee728b)
Start importing Assets/UMA/Content/Example/HumanMale/Recipes/WardrobeRecipes/MaleShorts1.asset using Guid(5bbd4dc2ec713f24a84512ef4f9ffe00) Importer(815301076,1909f56bfc062723c751e8b465ee728b)  -> (artifact id: 'df4189589338cbb671775c312ff3a805') in 0.008779 seconds 
  Import took 0.013242 seconds .

========================================================================
Received Import Request.
  Time since last request: 0.000264 seconds.
  path: Assets/UMA/Content/Example/HumanMale/Recipes/WardrobeRecipes/MaleRobe Shoes.asset
  artifactKey: Guid(28f0400d1cc90bf4888a2561c3a1146e) Importer(815301076,1909f56bfc062723c751e8b465ee728b)
Start importing Assets/UMA/Content/Example/HumanMale/Recipes/WardrobeRecipes/MaleRobe Shoes.asset using Guid(28f0400d1cc90bf4888a2561c3a1146e) Importer(815301076,1909f56bfc062723c751e8b465ee728b)  -> (artifact id: 'b2bbff2d402b276c7b4853a124bc090a') in 0.008002 seconds 
  Import took 0.011175 seconds .

========================================================================
Received Import Request.
  Time since last request: 37.912560 seconds.
  path: Assets/UMA/Content/Core/HumanMale/RaceData/BaseThumbs/HumanMaleLegsNone.png
  artifactKey: Guid(6dfeb8ef7d6d5d8489aaf06f2240e07a) Importer(815301076,1909f56bfc062723c751e8b465ee728b)
Start importing Assets/UMA/Content/Core/HumanMale/RaceData/BaseThumbs/HumanMaleLegsNone.png using Guid(6dfeb8ef7d6d5d8489aaf06f2240e07a) Importer(815301076,1909f56bfc062723c751e8b465ee728b)  -> (artifact id: 'f4fc349d5faac093eaed7cf54f2ac226') in 0.136181 seconds 
  Import took 0.141715 seconds .

========================================================================
Received Prepare
Registering precompiled user dll's ...
Registered in 0.004077 seconds.
Begin MonoManager ReloadAssembly
Native extension for WindowsStandalone target not found
Refreshing native plugins compatible for Editor in 0.95 ms, found 2 plugins.
Preloading 0 native plugins for Editor in 0.00 ms.
Mono: successfully reloaded assembly
- Completed reload, in  1.253 seconds
Domain Reload Profiling:
	ReloadAssembly (1254ms)
		BeginReloadAssembly (154ms)
			ExecutionOrderSort (0ms)
			DisableScriptedObjects (9ms)
			BackupInstance (0ms)
			ReleaseScriptingObjects (0ms)
			CreateAndSetChildDomain (63ms)
		EndReloadAssembly (1024ms)
			LoadAssemblies (114ms)
			RebuildTransferFunctionScriptingTraits (0ms)
			SetupTypeCache (380ms)
			ReleaseScriptCaches (2ms)
			RebuildScriptCaches (56ms)
			SetupLoadedEditorAssemblies (349ms)
				LogAssemblyErrors (0ms)
				InitializePlatformSupportModulesInManaged (7ms)
				SetLoadedEditorAssemblies (1ms)
				RefreshPlugins (1ms)
				BeforeProcessingInitializeOnLoad (61ms)
				ProcessInitializeOnLoadAttributes (264ms)
				ProcessInitializeOnLoadMethodAttributes (12ms)
				AfterProcessingInitializeOnLoad (4ms)
				EditorAssembliesLoaded (0ms)
			ExecutionOrderSort2 (0ms)
			AwakeInstancesAfterBackupRestoration (9ms)
Platform modules already initialized, skipping
Refreshing native plugins compatible for Editor in 1.35 ms, found 2 plugins.
Preloading 0 native plugins for Editor in 0.00 ms.
Unloading 1883 Unused Serialized files (Serialized files now loaded: 0)
System memory in use before: 87.6 MB.
System memory in use after: 87.8 MB.

Unloading 15 unused Assets to reduce memory usage. Loaded Objects now: 2353.
Total: 4.039100 ms (FindLiveObjects: 0.318300 ms CreateObjectMapping: 0.094200 ms MarkObjects: 3.585600 ms  DeleteObjects: 0.038900 ms)

AssetImportParameters requested are different than current active one (requested -> active):
  custom:framework-win-MediaFoundation: 216162199b28c13a410421893ffa2e32 -> 
  custom:video-decoder-ogg-theora: a1e56fd34408186e4bbccfd4996cb3dc -> 
  custom:container-muxer-webm: aa71ff27fc2769a1b78a27578f13a17b -> 
  custom:container-demuxer-webm: 4f35f7cbe854078d1ac9338744f61a02 -> 
  custom:container-demuxer-ogg: 62fdf1f143b41e24485cea50d1cbac27 -> 
  custom:video-encoder-webm-vp8: eb34c28f22e8b96e1ab97ce403110664 -> 
  custom:video-decoder-webm-vp8: 9c59270c3fd7afecdb556c50c9e8de78 -> 
  custom:audio-decoder-ogg-vorbis: bf7c407c2cedff20999df2af8eb42d56 -> 
  custom:audio-encoder-webm-vorbis: bf7c407c2cedff20999df2af8eb42d56 -> 
AssetImportWorkerClient::OnTransportError - code=2 error=End of file
